[2022-02-02 22:06:29] ERROR org.springframework.boot.SpringApplication 858 reportFailure - Application run failed java.lang.IllegalStateException: java.lang.IllegalStateException: Logback configuration error detected: 
ERROR in ch.qos.logback.core.joran.spi.Interpreter@3:16 - no applicable action for [appenders], current ElementPath  is [[configuration][appenders]]
ERROR in ch.qos.logback.core.joran.spi.Interpreter@4:53 - no applicable action for [Console], current ElementPath  is [[configuration][appenders][Console]]
ERROR in ch.qos.logback.core.joran.spi.Interpreter@6:80 - no applicable action for [ThresholdFilter], current ElementPath  is [[configuration][appenders][Console][ThresholdFilter]]
ERROR in ch.qos.logback.core.joran.spi.Interpreter@7:97 - no applicable action for [PatternLayout], current ElementPath  is [[configuration][appenders][Console][PatternLayout]]
ERROR in ch.qos.logback.core.joran.spi.Interpreter@12:89 - no applicable action for [RollingFile], current ElementPath  is [[configuration][appenders][RollingFile]]
ERROR in ch.qos.logback.core.joran.spi.Interpreter@13:22 - no applicable action for [Filters], current ElementPath  is [[configuration][appenders][RollingFile][Filters]]
ERROR in ch.qos.logback.core.joran.spi.Interpreter@15:49 - no applicable action for [ThresholdFilter], current ElementPath  is [[configuration][appenders][RollingFile][Filters][ThresholdFilter]]
ERROR in ch.qos.logback.core.joran.spi.Interpreter@16:84 - no applicable action for [ThresholdFilter], current ElementPath  is [[configuration][appenders][RollingFile][Filters][ThresholdFilter]]
ERROR in ch.qos.logback.core.joran.spi.Interpreter@20:97 - no applicable action for [PatternLayout], current ElementPath  is [[configuration][appenders][RollingFile][PatternLayout]]
ERROR in ch.qos.logback.core.joran.spi.Interpreter@21:23 - no applicable action for [Policies], current ElementPath  is [[configuration][appenders][RollingFile][Policies]]
ERROR in ch.qos.logback.core.joran.spi.Interpreter@22:59 - no applicable action for [SizeBasedTriggeringPolicy], current ElementPath  is [[configuration][appenders][RollingFile][Policies][SizeBasedTriggeringPolicy]]
ERROR in ch.qos.logback.core.joran.spi.Interpreter@23:45 - no applicable action for [TimeBasedTriggeringPolicy], current ElementPath  is [[configuration][appenders][RollingFile][Policies][TimeBasedTriggeringPolicy]]
ERROR in ch.qos.logback.core.joran.spi.Interpreter@28:88 - no applicable action for [RollingFile], current ElementPath  is [[configuration][appenders][RollingFile]]
ERROR in ch.qos.logback.core.joran.spi.Interpreter@29:22 - no applicable action for [Filters], current ElementPath  is [[configuration][appenders][RollingFile][Filters]]
ERROR in ch.qos.logback.core.joran.spi.Interpreter@31:48 - no applicable action for [ThresholdFilter], current ElementPath  is [[configuration][appenders][RollingFile][Filters][ThresholdFilter]]
ERROR in ch.qos.logback.core.joran.spi.Interpreter@32:84 - no applicable action for [ThresholdFilter], current ElementPath  is [[configuration][appenders][RollingFile][Filters][ThresholdFilter]]
ERROR in ch.qos.logback.core.joran.spi.Interpreter@35:97 - no applicable action for [PatternLayout], current ElementPath  is [[configuration][appenders][RollingFile][PatternLayout]]
ERROR in ch.qos.logback.core.joran.spi.Interpreter@36:23 - no applicable action for [Policies], current ElementPath  is [[configuration][appenders][RollingFile][Policies]]
ERROR in ch.qos.logback.core.joran.spi.Interpreter@37:59 - no applicable action for [SizeBasedTriggeringPolicy], current ElementPath  is [[configuration][appenders][RollingFile][Policies][SizeBasedTriggeringPolicy]]
ERROR in ch.qos.logback.core.joran.spi.Interpreter@38:45 - no applicable action for [TimeBasedTriggeringPolicy], current ElementPath  is [[configuration][appenders][RollingFile][Policies][TimeBasedTriggeringPolicy]]
ERROR in ch.qos.logback.core.joran.spi.Interpreter@43:88 - no applicable action for [RollingFile], current ElementPath  is [[configuration][appenders][RollingFile]]
ERROR in ch.qos.logback.core.joran.spi.Interpreter@44:22 - no applicable action for [Filters], current ElementPath  is [[configuration][appenders][RollingFile][Filters]]
ERROR in ch.qos.logback.core.joran.spi.Interpreter@45:48 - no applicable action for [ThresholdFilter], current ElementPath  is [[configuration][appenders][RollingFile][Filters][ThresholdFilter]]
ERROR in ch.qos.logback.core.joran.spi.Interpreter@46:85 - no applicable action for [ThresholdFilter], current ElementPath  is [[configuration][appenders][RollingFile][Filters][ThresholdFilter]]
ERROR in ch.qos.logback.core.joran.spi.Interpreter@49:97 - no applicable action for [PatternLayout], current ElementPath  is [[configuration][appenders][RollingFile][PatternLayout]]
ERROR in ch.qos.logback.core.joran.spi.Interpreter@50:23 - no applicable action for [Policies], current ElementPath  is [[configuration][appenders][RollingFile][Policies]]
ERROR in ch.qos.logback.core.joran.spi.Interpreter@51:59 - no applicable action for [SizeBasedTriggeringPolicy], current ElementPath  is [[configuration][appenders][RollingFile][Policies][SizeBasedTriggeringPolicy]]
ERROR in ch.qos.logback.core.joran.spi.Interpreter@52:45 - no applicable action for [TimeBasedTriggeringPolicy], current ElementPath  is [[configuration][appenders][RollingFile][Policies][TimeBasedTriggeringPolicy]]
ERROR in ch.qos.logback.core.joran.spi.Interpreter@57:89 - no applicable action for [RollingFile], current ElementPath  is [[configuration][appenders][RollingFile]]
ERROR in ch.qos.logback.core.joran.spi.Interpreter@58:45 - no applicable action for [ThresholdFilter], current ElementPath  is [[configuration][appenders][RollingFile][ThresholdFilter]]
ERROR in ch.qos.logback.core.joran.spi.Interpreter@60:97 - no applicable action for [PatternLayout], current ElementPath  is [[configuration][appenders][RollingFile][PatternLayout]]
ERROR in ch.qos.logback.core.joran.spi.Interpreter@61:23 - no applicable action for [Policies], current ElementPath  is [[configuration][appenders][RollingFile][Policies]]
ERROR in ch.qos.logback.core.joran.spi.Interpreter@62:59 - no applicable action for [SizeBasedTriggeringPolicy], current ElementPath  is [[configuration][appenders][RollingFile][Policies][SizeBasedTriggeringPolicy]]
ERROR in ch.qos.logback.core.joran.spi.Interpreter@63:45 - no applicable action for [TimeBasedTriggeringPolicy], current ElementPath  is [[configuration][appenders][RollingFile][Policies][TimeBasedTriggeringPolicy]]
ERROR in ch.qos.logback.core.joran.spi.Interpreter@68:87 - no applicable action for [RollingFile], current ElementPath  is [[configuration][appenders][RollingFile]]
ERROR in ch.qos.logback.core.joran.spi.Interpreter@69:93 - no applicable action for [PatternLayout], current ElementPath  is [[configuration][appenders][RollingFile][PatternLayout]]
ERROR in ch.qos.logback.core.joran.spi.Interpreter@70:23 - no applicable action for [Policies], current ElementPath  is [[configuration][appenders][RollingFile][Policies]]
ERROR in ch.qos.logback.core.joran.spi.Interpreter@71:59 - no applicable action for [SizeBasedTriggeringPolicy], current ElementPath  is [[configuration][appenders][RollingFile][Policies][SizeBasedTriggeringPolicy]]
ERROR in ch.qos.logback.core.joran.spi.Interpreter@72:45 - no applicable action for [TimeBasedTriggeringPolicy], current ElementPath  is [[configuration][appenders][RollingFile][Policies][TimeBasedTriggeringPolicy]]
ERROR in ch.qos.logback.core.joran.spi.Interpreter@77:14 - no applicable action for [loggers], current ElementPath  is [[configuration][loggers]]
ERROR in ch.qos.logback.core.joran.spi.Interpreter@79:29 - no applicable action for [root], current ElementPath  is [[configuration][loggers][root]]
ERROR in ch.qos.logback.core.joran.spi.Interpreter@80:42 - no applicable action for [appender-ref], current ElementPath  is [[configuration][loggers][root][appender-ref]]
ERROR in ch.qos.logback.core.joran.spi.Interpreter@81:50 - no applicable action for [appender-ref], current ElementPath  is [[configuration][loggers][root][appender-ref]]
ERROR in ch.qos.logback.core.joran.spi.Interpreter@82:50 - no applicable action for [appender-ref], current ElementPath  is [[configuration][loggers][root][appender-ref]]
ERROR in ch.qos.logback.core.joran.spi.Interpreter@83:51 - no applicable action for [appender-ref], current ElementPath  is [[configuration][loggers][root][appender-ref]]
ERROR in ch.qos.logback.core.joran.spi.Interpreter@84:51 - no applicable action for [appender-ref], current ElementPath  is [[configuration][loggers][root][appender-ref]]
ERROR in ch.qos.logback.core.joran.spi.Interpreter@88:77 - no applicable action for [logger], current ElementPath  is [[configuration][loggers][logger]]
ERROR in ch.qos.logback.core.joran.spi.Interpreter@89:54 - no applicable action for [appender-ref], current ElementPath  is [[configuration][loggers][logger][appender-ref]]
ERROR in ch.qos.logback.core.joran.spi.Interpreter@92:84 - no applicable action for [Logger], current ElementPath  is [[configuration][loggers][Logger]]
ERROR in ch.qos.logback.core.joran.spi.Interpreter@93:79 - no applicable action for [Logger], current ElementPath  is [[configuration][loggers][Logger]]
ERROR in ch.qos.logback.core.joran.spi.Interpreter@94:82 - no applicable action for [Logger], current ElementPath  is [[configuration][loggers][Logger]]
ERROR in ch.qos.logback.core.joran.spi.Interpreter@95:80 - no applicable action for [logger], current ElementPath  is [[configuration][loggers][logger]]
ERROR in ch.qos.logback.core.joran.spi.Interpreter@96:82 - no applicable action for [Logger], current ElementPath  is [[configuration][loggers][Logger]]
ERROR in ch.qos.logback.core.joran.spi.Interpreter@97:55 - no applicable action for [Logger], current ElementPath  is [[configuration][loggers][Logger]]
ERROR in ch.qos.logback.core.joran.spi.Interpreter@98:51 - no applicable action for [logger], current ElementPath  is [[configuration][loggers][logger]]
ERROR in ch.qos.logback.core.joran.spi.Interpreter@99:91 - no applicable action for [Logger], current ElementPath  is [[configuration][loggers][Logger]]
ERROR in ch.qos.logback.core.joran.spi.Interpreter@100:85 - no applicable action for [Logger], current ElementPath  is [[configuration][loggers][Logger]]
ERROR in ch.qos.logback.core.joran.spi.Interpreter@101:107 - no applicable action for [logger], current ElementPath  is [[configuration][loggers][logger]]
ERROR in ch.qos.logback.core.joran.spi.Interpreter@102:84 - no applicable action for [logger], current ElementPath  is [[configuration][loggers][logger]]
ERROR in ch.qos.logback.core.joran.spi.Interpreter@103:52 - no applicable action for [logger], current ElementPath  is [[configuration][loggers][logger]]
	at org.springframework.boot.context.logging.LoggingApplicationListener.initializeSystem(LoggingApplicationListener.java:304) ~[spring-boot-2.1.4.RELEASE.jar:2.1.4.RELEASE]
	at org.springframework.boot.context.logging.LoggingApplicationListener.initialize(LoggingApplicationListener.java:265) ~[spring-boot-2.1.4.RELEASE.jar:2.1.4.RELEASE]
	at org.springframework.boot.context.logging.LoggingApplicationListener.onApplicationEnvironmentPreparedEvent(LoggingApplicationListener.java:228) ~[spring-boot-2.1.4.RELEASE.jar:2.1.4.RELEASE]
	at org.springframework.boot.context.logging.LoggingApplicationListener.onApplicationEvent(LoggingApplicationListener.java:201) ~[spring-boot-2.1.4.RELEASE.jar:2.1.4.RELEASE]
	at org.springframework.context.event.SimpleApplicationEventMulticaster.doInvokeListener(SimpleApplicationEventMulticaster.java:172) ~[spring-context-5.1.6.RELEASE.jar:5.1.6.RELEASE]
	at org.springframework.context.event.SimpleApplicationEventMulticaster.invokeListener(SimpleApplicationEventMulticaster.java:165) ~[spring-context-5.1.6.RELEASE.jar:5.1.6.RELEASE]
	at org.springframework.context.event.SimpleApplicationEventMulticaster.multicastEvent(SimpleApplicationEventMulticaster.java:139) ~[spring-context-5.1.6.RELEASE.jar:5.1.6.RELEASE]
	at org.springframework.context.event.SimpleApplicationEventMulticaster.multicastEvent(SimpleApplicationEventMulticaster.java:127) ~[spring-context-5.1.6.RELEASE.jar:5.1.6.RELEASE]
	at org.springframework.boot.context.event.EventPublishingRunListener.environmentPrepared(EventPublishingRunListener.java:75) ~[spring-boot-2.1.4.RELEASE.jar:2.1.4.RELEASE]
	at org.springframework.boot.SpringApplicationRunListeners.environmentPrepared(SpringApplicationRunListeners.java:54) ~[spring-boot-2.1.4.RELEASE.jar:2.1.4.RELEASE]
	at org.springframework.boot.SpringApplication.prepareEnvironment(SpringApplication.java:347) [spring-boot-2.1.4.RELEASE.jar:2.1.4.RELEASE]
	at org.springframework.boot.SpringApplication.run(SpringApplication.java:306) [spring-boot-2.1.4.RELEASE.jar:2.1.4.RELEASE]
	at org.springframework.boot.SpringApplication.run(SpringApplication.java:1260) [spring-boot-2.1.4.RELEASE.jar:2.1.4.RELEASE]
	at org.springframework.boot.SpringApplication.run(SpringApplication.java:1248) [spring-boot-2.1.4.RELEASE.jar:2.1.4.RELEASE]
	at practice.example.forum.ForumApplication.main(ForumApplication.java:12) [classes/:?]
Caused by: java.lang.IllegalStateException: Logback configuration error detected: 
ERROR in ch.qos.logback.core.joran.spi.Interpreter@3:16 - no applicable action for [appenders], current ElementPath  is [[configuration][appenders]]
ERROR in ch.qos.logback.core.joran.spi.Interpreter@4:53 - no applicable action for [Console], current ElementPath  is [[configuration][appenders][Console]]
ERROR in ch.qos.logback.core.joran.spi.Interpreter@6:80 - no applicable action for [ThresholdFilter], current ElementPath  is [[configuration][appenders][Console][ThresholdFilter]]
ERROR in ch.qos.logback.core.joran.spi.Interpreter@7:97 - no applicable action for [PatternLayout], current ElementPath  is [[configuration][appenders][Console][PatternLayout]]
ERROR in ch.qos.logback.core.joran.spi.Interpreter@12:89 - no applicable action for [RollingFile], current ElementPath  is [[configuration][appenders][RollingFile]]
ERROR in ch.qos.logback.core.joran.spi.Interpreter@13:22 - no applicable action for [Filters], current ElementPath  is [[configuration][appenders][RollingFile][Filters]]
ERROR in ch.qos.logback.core.joran.spi.Interpreter@15:49 - no applicable action for [ThresholdFilter], current ElementPath  is [[configuration][appenders][RollingFile][Filters][ThresholdFilter]]
ERROR in ch.qos.logback.core.joran.spi.Interpreter@16:84 - no applicable action for [ThresholdFilter], current ElementPath  is [[configuration][appenders][RollingFile][Filters][ThresholdFilter]]
ERROR in ch.qos.logback.core.joran.spi.Interpreter@20:97 - no applicable action for [PatternLayout], current ElementPath  is [[configuration][appenders][RollingFile][PatternLayout]]
ERROR in ch.qos.logback.core.joran.spi.Interpreter@21:23 - no applicable action for [Policies], current ElementPath  is [[configuration][appenders][RollingFile][Policies]]
ERROR in ch.qos.logback.core.joran.spi.Interpreter@22:59 - no applicable action for [SizeBasedTriggeringPolicy], current ElementPath  is [[configuration][appenders][RollingFile][Policies][SizeBasedTriggeringPolicy]]
ERROR in ch.qos.logback.core.joran.spi.Interpreter@23:45 - no applicable action for [TimeBasedTriggeringPolicy], current ElementPath  is [[configuration][appenders][RollingFile][Policies][TimeBasedTriggeringPolicy]]
ERROR in ch.qos.logback.core.joran.spi.Interpreter@28:88 - no applicable action for [RollingFile], current ElementPath  is [[configuration][appenders][RollingFile]]
ERROR in ch.qos.logback.core.joran.spi.Interpreter@29:22 - no applicable action for [Filters], current ElementPath  is [[configuration][appenders][RollingFile][Filters]]
ERROR in ch.qos.logback.core.joran.spi.Interpreter@31:48 - no applicable action for [ThresholdFilter], current ElementPath  is [[configuration][appenders][RollingFile][Filters][ThresholdFilter]]
ERROR in ch.qos.logback.core.joran.spi.Interpreter@32:84 - no applicable action for [ThresholdFilter], current ElementPath  is [[configuration][appenders][RollingFile][Filters][ThresholdFilter]]
ERROR in ch.qos.logback.core.joran.spi.Interpreter@35:97 - no applicable action for [PatternLayout], current ElementPath  is [[configuration][appenders][RollingFile][PatternLayout]]
ERROR in ch.qos.logback.core.joran.spi.Interpreter@36:23 - no applicable action for [Policies], current ElementPath  is [[configuration][appenders][RollingFile][Policies]]
ERROR in ch.qos.logback.core.joran.spi.Interpreter@37:59 - no applicable action for [SizeBasedTriggeringPolicy], current ElementPath  is [[configuration][appenders][RollingFile][Policies][SizeBasedTriggeringPolicy]]
ERROR in ch.qos.logback.core.joran.spi.Interpreter@38:45 - no applicable action for [TimeBasedTriggeringPolicy], current ElementPath  is [[configuration][appenders][RollingFile][Policies][TimeBasedTriggeringPolicy]]
ERROR in ch.qos.logback.core.joran.spi.Interpreter@43:88 - no applicable action for [RollingFile], current ElementPath  is [[configuration][appenders][RollingFile]]
ERROR in ch.qos.logback.core.joran.spi.Interpreter@44:22 - no applicable action for [Filters], current ElementPath  is [[configuration][appenders][RollingFile][Filters]]
ERROR in ch.qos.logback.core.joran.spi.Interpreter@45:48 - no applicable action for [ThresholdFilter], current ElementPath  is [[configuration][appenders][RollingFile][Filters][ThresholdFilter]]
ERROR in ch.qos.logback.core.joran.spi.Interpreter@46:85 - no applicable action for [ThresholdFilter], current ElementPath  is [[configuration][appenders][RollingFile][Filters][ThresholdFilter]]
ERROR in ch.qos.logback.core.joran.spi.Interpreter@49:97 - no applicable action for [PatternLayout], current ElementPath  is [[configuration][appenders][RollingFile][PatternLayout]]
ERROR in ch.qos.logback.core.joran.spi.Interpreter@50:23 - no applicable action for [Policies], current ElementPath  is [[configuration][appenders][RollingFile][Policies]]
ERROR in ch.qos.logback.core.joran.spi.Interpreter@51:59 - no applicable action for [SizeBasedTriggeringPolicy], current ElementPath  is [[configuration][appenders][RollingFile][Policies][SizeBasedTriggeringPolicy]]
ERROR in ch.qos.logback.core.joran.spi.Interpreter@52:45 - no applicable action for [TimeBasedTriggeringPolicy], current ElementPath  is [[configuration][appenders][RollingFile][Policies][TimeBasedTriggeringPolicy]]
ERROR in ch.qos.logback.core.joran.spi.Interpreter@57:89 - no applicable action for [RollingFile], current ElementPath  is [[configuration][appenders][RollingFile]]
ERROR in ch.qos.logback.core.joran.spi.Interpreter@58:45 - no applicable action for [ThresholdFilter], current ElementPath  is [[configuration][appenders][RollingFile][ThresholdFilter]]
ERROR in ch.qos.logback.core.joran.spi.Interpreter@60:97 - no applicable action for [PatternLayout], current ElementPath  is [[configuration][appenders][RollingFile][PatternLayout]]
ERROR in ch.qos.logback.core.joran.spi.Interpreter@61:23 - no applicable action for [Policies], current ElementPath  is [[configuration][appenders][RollingFile][Policies]]
ERROR in ch.qos.logback.core.joran.spi.Interpreter@62:59 - no applicable action for [SizeBasedTriggeringPolicy], current ElementPath  is [[configuration][appenders][RollingFile][Policies][SizeBasedTriggeringPolicy]]
ERROR in ch.qos.logback.core.joran.spi.Interpreter@63:45 - no applicable action for [TimeBasedTriggeringPolicy], current ElementPath  is [[configuration][appenders][RollingFile][Policies][TimeBasedTriggeringPolicy]]
ERROR in ch.qos.logback.core.joran.spi.Interpreter@68:87 - no applicable action for [RollingFile], current ElementPath  is [[configuration][appenders][RollingFile]]
ERROR in ch.qos.logback.core.joran.spi.Interpreter@69:93 - no applicable action for [PatternLayout], current ElementPath  is [[configuration][appenders][RollingFile][PatternLayout]]
ERROR in ch.qos.logback.core.joran.spi.Interpreter@70:23 - no applicable action for [Policies], current ElementPath  is [[configuration][appenders][RollingFile][Policies]]
ERROR in ch.qos.logback.core.joran.spi.Interpreter@71:59 - no applicable action for [SizeBasedTriggeringPolicy], current ElementPath  is [[configuration][appenders][RollingFile][Policies][SizeBasedTriggeringPolicy]]
ERROR in ch.qos.logback.core.joran.spi.Interpreter@72:45 - no applicable action for [TimeBasedTriggeringPolicy], current ElementPath  is [[configuration][appenders][RollingFile][Policies][TimeBasedTriggeringPolicy]]
ERROR in ch.qos.logback.core.joran.spi.Interpreter@77:14 - no applicable action for [loggers], current ElementPath  is [[configuration][loggers]]
ERROR in ch.qos.logback.core.joran.spi.Interpreter@79:29 - no applicable action for [root], current ElementPath  is [[configuration][loggers][root]]
ERROR in ch.qos.logback.core.joran.spi.Interpreter@80:42 - no applicable action for [appender-ref], current ElementPath  is [[configuration][loggers][root][appender-ref]]
ERROR in ch.qos.logback.core.joran.spi.Interpreter@81:50 - no applicable action for [appender-ref], current ElementPath  is [[configuration][loggers][root][appender-ref]]
ERROR in ch.qos.logback.core.joran.spi.Interpreter@82:50 - no applicable action for [appender-ref], current ElementPath  is [[configuration][loggers][root][appender-ref]]
ERROR in ch.qos.logback.core.joran.spi.Interpreter@83:51 - no applicable action for [appender-ref], current ElementPath  is [[configuration][loggers][root][appender-ref]]
ERROR in ch.qos.logback.core.joran.spi.Interpreter@84:51 - no applicable action for [appender-ref], current ElementPath  is [[configuration][loggers][root][appender-ref]]
ERROR in ch.qos.logback.core.joran.spi.Interpreter@88:77 - no applicable action for [logger], current ElementPath  is [[configuration][loggers][logger]]
ERROR in ch.qos.logback.core.joran.spi.Interpreter@89:54 - no applicable action for [appender-ref], current ElementPath  is [[configuration][loggers][logger][appender-ref]]
ERROR in ch.qos.logback.core.joran.spi.Interpreter@92:84 - no applicable action for [Logger], current ElementPath  is [[configuration][loggers][Logger]]
ERROR in ch.qos.logback.core.joran.spi.Interpreter@93:79 - no applicable action for [Logger], current ElementPath  is [[configuration][loggers][Logger]]
ERROR in ch.qos.logback.core.joran.spi.Interpreter@94:82 - no applicable action for [Logger], current ElementPath  is [[configuration][loggers][Logger]]
ERROR in ch.qos.logback.core.joran.spi.Interpreter@95:80 - no applicable action for [logger], current ElementPath  is [[configuration][loggers][logger]]
ERROR in ch.qos.logback.core.joran.spi.Interpreter@96:82 - no applicable action for [Logger], current ElementPath  is [[configuration][loggers][Logger]]
ERROR in ch.qos.logback.core.joran.spi.Interpreter@97:55 - no applicable action for [Logger], current ElementPath  is [[configuration][loggers][Logger]]
ERROR in ch.qos.logback.core.joran.spi.Interpreter@98:51 - no applicable action for [logger], current ElementPath  is [[configuration][loggers][logger]]
ERROR in ch.qos.logback.core.joran.spi.Interpreter@99:91 - no applicable action for [Logger], current ElementPath  is [[configuration][loggers][Logger]]
ERROR in ch.qos.logback.core.joran.spi.Interpreter@100:85 - no applicable action for [Logger], current ElementPath  is [[configuration][loggers][Logger]]
ERROR in ch.qos.logback.core.joran.spi.Interpreter@101:107 - no applicable action for [logger], current ElementPath  is [[configuration][loggers][logger]]
ERROR in ch.qos.logback.core.joran.spi.Interpreter@102:84 - no applicable action for [logger], current ElementPath  is [[configuration][loggers][logger]]
ERROR in ch.qos.logback.core.joran.spi.Interpreter@103:52 - no applicable action for [logger], current ElementPath  is [[configuration][loggers][logger]]
	at org.springframework.boot.logging.logback.LogbackLoggingSystem.loadConfiguration(LogbackLoggingSystem.java:169) ~[spring-boot-2.1.4.RELEASE.jar:2.1.4.RELEASE]
	at org.springframework.boot.logging.AbstractLoggingSystem.initializeWithSpecificConfig(AbstractLoggingSystem.java:67) ~[spring-boot-2.1.4.RELEASE.jar:2.1.4.RELEASE]
	at org.springframework.boot.logging.AbstractLoggingSystem.initialize(AbstractLoggingSystem.java:57) ~[spring-boot-2.1.4.RELEASE.jar:2.1.4.RELEASE]
	at org.springframework.boot.logging.logback.LogbackLoggingSystem.initialize(LogbackLoggingSystem.java:117) ~[spring-boot-2.1.4.RELEASE.jar:2.1.4.RELEASE]
	at org.springframework.boot.context.logging.LoggingApplicationListener.initializeSystem(LoggingApplicationListener.java:297) ~[spring-boot-2.1.4.RELEASE.jar:2.1.4.RELEASE]
	... 14 more

